                                      1 ;--------------------------------------------------------
                                      2 ; File Created by SDCC : free open source ANSI-C Compiler
                                      3 ; Version 4.2.0 #13081 (MINGW64)
                                      4 ;--------------------------------------------------------
                                      5 	.module memory
                                      6 	.optsdcc -mz80
                                      7 	
                                      8 ;--------------------------------------------------------
                                      9 ; Public variables in this module
                                     10 ;--------------------------------------------------------
                                     11 	.globl _g_StackAddress
                                     12 	.globl _Mem_GetStackAddress
                                     13 	.globl _Mem_HeapAlloc
                                     14 	.globl _Mem_HeapFree
                                     15 	.globl _Mem_Copy
                                     16 	.globl _Mem_Set
                                     17 	.globl _Mem_Set_16b
                                     18 ;--------------------------------------------------------
                                     19 ; special function registers
                                     20 ;--------------------------------------------------------
                                     21 ;--------------------------------------------------------
                                     22 ; ram data
                                     23 ;--------------------------------------------------------
                                     24 	.area _DATA
    00000000                         25 _g_StackAddress::
    00000000                         26 	.ds 2
                                     27 ;--------------------------------------------------------
                                     28 ; ram data
                                     29 ;--------------------------------------------------------
                                     30 	.area _INITIALIZED
                                     31 ;--------------------------------------------------------
                                     32 ; absolute external ram data
                                     33 ;--------------------------------------------------------
                                     34 	.area _DABS (ABS)
                                     35 ;--------------------------------------------------------
                                     36 ; global & static initialisations
                                     37 ;--------------------------------------------------------
                                     38 	.area _HOME
                                     39 	.area _GSINIT
                                     40 	.area _GSFINAL
                                     41 	.area _GSINIT
                                     42 ;--------------------------------------------------------
                                     43 ; Home
                                     44 ;--------------------------------------------------------
                                     45 	.area _HOME
                                     46 	.area _HOME
                                     47 ;--------------------------------------------------------
                                     48 ; code
                                     49 ;--------------------------------------------------------
                                     50 	.area _CODE
                                     51 ;E:\Dropbox\FAUSTO\SVILUPPI\MSX\CODE\C\MSXgl\engine/src/memory.c:24: u16 Mem_GetStackAddress() __NAKED
                                     52 ;	---------------------------------
                                     53 ; Function Mem_GetStackAddress
                                     54 ; ---------------------------------
    00000000                         55 _Mem_GetStackAddress::
                                     56 ;E:\Dropbox\FAUSTO\SVILUPPI\MSX\CODE\C\MSXgl\engine/src/memory.c:30: __endasm;
    00000000 ED 73r00r00      [20]   57 	ld	(_g_StackAddress), sp
    00000004 ED 5Br00r00      [20]   58 	ld	de, (_g_StackAddress)
    00000008 C9               [10]   59 	ret
                                     60 ;E:\Dropbox\FAUSTO\SVILUPPI\MSX\CODE\C\MSXgl\engine/src/memory.c:31: }
                                     61 ;E:\Dropbox\FAUSTO\SVILUPPI\MSX\CODE\C\MSXgl\engine/src/memory.c:35: void* Mem_HeapAlloc(u16 size)
                                     62 ;	---------------------------------
                                     63 ; Function Mem_HeapAlloc
                                     64 ; ---------------------------------
    00000009                         65 _Mem_HeapAlloc::
    00000009 4D               [ 4]   66 	ld	c, l
    0000000A 44               [ 4]   67 	ld	b, h
                                     68 ;E:\Dropbox\FAUSTO\SVILUPPI\MSX\CODE\C\MSXgl\engine/src/memory.c:37: u16 addr = g_HeapStartAddress;
    0000000B ED 5Br00r00      [20]   69 	ld	de, (_g_HeapStartAddress)
                                     70 ;E:\Dropbox\FAUSTO\SVILUPPI\MSX\CODE\C\MSXgl\engine/src/memory.c:38: g_HeapStartAddress += size;
    0000000F 21r00r00         [10]   71 	ld	hl, #_g_HeapStartAddress
    00000012 7E               [ 7]   72 	ld	a, (hl)
    00000013 81               [ 4]   73 	add	a, c
    00000014 77               [ 7]   74 	ld	(hl), a
    00000015 23               [ 6]   75 	inc	hl
    00000016 7E               [ 7]   76 	ld	a, (hl)
    00000017 88               [ 4]   77 	adc	a, b
    00000018 77               [ 7]   78 	ld	(hl), a
                                     79 ;E:\Dropbox\FAUSTO\SVILUPPI\MSX\CODE\C\MSXgl\engine/src/memory.c:39: return (void*)addr;
                                     80 ;E:\Dropbox\FAUSTO\SVILUPPI\MSX\CODE\C\MSXgl\engine/src/memory.c:40: }
    00000019 C9               [10]   81 	ret
                                     82 ;E:\Dropbox\FAUSTO\SVILUPPI\MSX\CODE\C\MSXgl\engine/src/memory.c:44: void Mem_HeapFree(u16 size)
                                     83 ;	---------------------------------
                                     84 ; Function Mem_HeapFree
                                     85 ; ---------------------------------
    0000001A                         86 _Mem_HeapFree::
    0000001A EB               [ 4]   87 	ex	de, hl
                                     88 ;E:\Dropbox\FAUSTO\SVILUPPI\MSX\CODE\C\MSXgl\engine/src/memory.c:46: g_HeapStartAddress -= size;	
    0000001B 21r00r00         [10]   89 	ld	hl, #_g_HeapStartAddress
    0000001E 7E               [ 7]   90 	ld	a, (hl)
    0000001F 93               [ 4]   91 	sub	a, e
    00000020 77               [ 7]   92 	ld	(hl), a
    00000021 23               [ 6]   93 	inc	hl
    00000022 7E               [ 7]   94 	ld	a, (hl)
    00000023 9A               [ 4]   95 	sbc	a, d
    00000024 77               [ 7]   96 	ld	(hl), a
                                     97 ;E:\Dropbox\FAUSTO\SVILUPPI\MSX\CODE\C\MSXgl\engine/src/memory.c:47: }
    00000025 C9               [10]   98 	ret
                                     99 ;E:\Dropbox\FAUSTO\SVILUPPI\MSX\CODE\C\MSXgl\engine/src/memory.c:52: void Mem_Copy(const void* src, void* dest, u16 size) __NAKED // Stack: 4 bytes
                                    100 ;	---------------------------------
                                    101 ; Function Mem_Copy
                                    102 ; ---------------------------------
    00000026                        103 _Mem_Copy::
                                    104 ;E:\Dropbox\FAUSTO\SVILUPPI\MSX\CODE\C\MSXgl\engine/src/memory.c:72: __endasm;
    00000026 FD E1            [14]  105 	pop	iy
    00000028 C1               [10]  106 	pop	bc
    00000029 ED B0            [21]  107 	ldir
    0000002B                        108 	mem_copy_end:
    0000002B FD E9            [ 8]  109 	jp	(iy)
                                    110 ;E:\Dropbox\FAUSTO\SVILUPPI\MSX\CODE\C\MSXgl\engine/src/memory.c:73: }
                                    111 ;E:\Dropbox\FAUSTO\SVILUPPI\MSX\CODE\C\MSXgl\engine/src/memory.c:127: void Mem_Set(u8 val, void* dest, u16 size) __NAKED // Stack: 4 bytes
                                    112 ;	---------------------------------
                                    113 ; Function Mem_Set
                                    114 ; ---------------------------------
    0000002D                        115 _Mem_Set::
                                    116 ;E:\Dropbox\FAUSTO\SVILUPPI\MSX\CODE\C\MSXgl\engine/src/memory.c:155: __endasm;
    0000002D D5               [11]  117 	push	de
    0000002E E1               [10]  118 	pop	hl
    0000002F 77               [ 7]  119 	ld	(hl), a
    00000030 13               [ 6]  120 	inc	de
    00000031 FD E1            [14]  121 	pop	iy
    00000033 C1               [10]  122 	pop	bc
    00000034 0B               [ 6]  123 	dec	bc
    00000035 ED B0            [21]  124 	ldir
    00000037                        125 	mem_fill_end:
    00000037 FD E9            [ 8]  126 	jp	(iy)
                                    127 ;E:\Dropbox\FAUSTO\SVILUPPI\MSX\CODE\C\MSXgl\engine/src/memory.c:156: }
                                    128 ;E:\Dropbox\FAUSTO\SVILUPPI\MSX\CODE\C\MSXgl\engine/src/memory.c:161: void Mem_Set_16b(u16 val, void* dest, u16 size)
                                    129 ;	---------------------------------
                                    130 ; Function Mem_Set_16b
                                    131 ; ---------------------------------
    00000039                        132 _Mem_Set_16b::
                                    133 ;E:\Dropbox\FAUSTO\SVILUPPI\MSX\CODE\C\MSXgl\engine/src/memory.c:196: __endasm;
    00000039 D5               [11]  134 	push	de
    0000003A EB               [ 4]  135 	ex	de, hl
    0000003B 72               [ 7]  136 	ld	(hl), d
    0000003C 23               [ 6]  137 	inc	hl
    0000003D 73               [ 7]  138 	ld	(hl), e
    0000003E 23               [ 6]  139 	inc	hl
    0000003F EB               [ 4]  140 	ex	de, hl
    00000040 E1               [10]  141 	pop	hl
    00000041 FD E1            [14]  142 	pop	iy
    00000043 C1               [10]  143 	pop	bc
    00000044 0B               [ 6]  144 	dec	bc
    00000045 0B               [ 6]  145 	dec	bc
    00000046 ED B0            [21]  146 	ldir
    00000048                        147 	mem_fill16_end:
    00000048 FD E9            [ 8]  148 	jp	(iy)
                                    149 ;E:\Dropbox\FAUSTO\SVILUPPI\MSX\CODE\C\MSXgl\engine/src/memory.c:197: }
    0000004A E1               [10]  150 	pop	hl
    0000004B F1               [10]  151 	pop	af
    0000004C E9               [ 4]  152 	jp	(hl)
                                    153 	.area _CODE
                                    154 	.area _INITIALIZER
                                    155 	.area _CABS (ABS)
